Using pre-set license
Built from '2020.3/staging' branch; Version is '2020.3.4f1 (0abb6314276a) revision 703331'; Using compiler version '192528614'; Build Type 'Release'
OS: 'Windows 10 Home; OS build 19043.1165; Version 2009; 64bit' Language: 'ko' Physical Memory: 16196 MB
BatchMode: 1, IsHumanControllingUs: 0, StartBugReporterOnCrash: 0, Is64bit: 1, IsPro: 0

 COMMAND LINE ARGUMENTS:
C:\Program Files\Unity\Hub\Editor\2020.3.4f1\Editor\Unity.exe
-adb2
-batchMode
-noUpm
-name
AssetImportWorker0
-projectPath
C:/developer/unityws/lecture/vs/Lecture-CSharpServer/Client
-logFile
Logs/AssetImportWorker0.log
-srvPort
5176
Successfully changed project path to: C:/developer/unityws/lecture/vs/Lecture-CSharpServer/Client
C:/developer/unityws/lecture/vs/Lecture-CSharpServer/Client
Using Asset Import Pipeline V2.
Refreshing native plugins compatible for Editor in 37.34 ms, found 0 plugins.
Preloading 0 native plugins for Editor in 0.00 ms.
Initialize engine version: 2020.3.4f1 (0abb6314276a)
[Subsystems] Discovering subsystems at path C:/Program Files/Unity/Hub/Editor/2020.3.4f1/Editor/Data/Resources/UnitySubsystems
[Subsystems] Discovering subsystems at path C:/developer/unityws/lecture/vs/Lecture-CSharpServer/Client/Assets
GfxDevice: creating device client; threaded=0
Direct3D:
    Version:  Direct3D 11.0 [level 11.0]
    Renderer: NVIDIA GeForce GTX 960M (ID=0x139b)
    Vendor:   
    VRAM:     2017 MB
    Driver:   23.21.13.8927
Initialize mono
Mono path[0] = 'C:/Program Files/Unity/Hub/Editor/2020.3.4f1/Editor/Data/Managed'
Mono path[1] = 'C:/Program Files/Unity/Hub/Editor/2020.3.4f1/Editor/Data/MonoBleedingEdge/lib/mono/unityjit'
Mono config path = 'C:/Program Files/Unity/Hub/Editor/2020.3.4f1/Editor/Data/MonoBleedingEdge/etc'
Using monoOptions --debugger-agent=transport=dt_socket,embedding=1,server=y,suspend=n,address=127.0.0.1:56284
Begin MonoManager ReloadAssembly
Registering precompiled unity dll's ...
Register platform support module: C:/Program Files/Unity/Hub/Editor/2020.3.4f1/Editor/Data/PlaybackEngines/WebGLSupport/UnityEditor.WebGL.Extensions.dll
Register platform support module: C:/Program Files/Unity/Hub/Editor/2020.3.4f1/Editor/Data/PlaybackEngines/WindowsStandaloneSupport/UnityEditor.WindowsStandalone.Extensions.dll
Registered in 0.003977 seconds.
Native extension for WindowsStandalone target not found
Native extension for WebGL target not found
Refreshing native plugins compatible for Editor in 38.57 ms, found 0 plugins.
Preloading 0 native plugins for Editor in 0.00 ms.
Mono: successfully reloaded assembly
- Completed reload, in  1.963 seconds
Platform modules already initialized, skipping
Registering precompiled user dll's ...
Registered in 0.001580 seconds.
Begin MonoManager ReloadAssembly
Native extension for WindowsStandalone target not found
Native extension for WebGL target not found
Refreshing native plugins compatible for Editor in 0.20 ms, found 0 plugins.
Preloading 0 native plugins for Editor in 0.00 ms.
Mono: successfully reloaded assembly
- Completed reload, in  1.247 seconds
Platform modules already initialized, skipping
========================================================================
Worker process is ready to serve import requests
Launched and connected shader compiler UnityShaderCompiler.exe after 0.12 seconds
Refreshing native plugins compatible for Editor in 0.40 ms, found 0 plugins.
Preloading 0 native plugins for Editor in 0.00 ms.
Unloading 1115 Unused Serialized files (Serialized files now loaded: 0)
System memory in use before: 57.1 MB.
System memory in use after: 57.1 MB.

Unloading 10 unused Assets to reduce memory usage. Loaded Objects now: 1557.
Total: 2.728400 ms (FindLiveObjects: 0.282700 ms CreateObjectMapping: 0.085500 ms MarkObjects: 2.259700 ms  DeleteObjects: 0.099200 ms)

========================================================================
Received Import Request.
  path: Assets
  artifactKey: Guid(00000000000000001000000000000000) Importer(815301076,1909f56bfc062723c751e8b465ee728b)
Start importing Assets using Guid(00000000000000001000000000000000) Importer(815301076,1909f56bfc062723c751e8b465ee728b)  -> (artifact id: '025e4f587c23674256bb898581e82961') in 0.007401 seconds
  Import took 0.011352 seconds .

========================================================================
Received Import Request.
  Time since last request: 1.910768 seconds.
  path: Assets/Scripts
  artifactKey: Guid(2e8b928d0a49d1b429e2ec9d4b58f528) Importer(815301076,1909f56bfc062723c751e8b465ee728b)
Start importing Assets/Scripts using Guid(2e8b928d0a49d1b429e2ec9d4b58f528) Importer(815301076,1909f56bfc062723c751e8b465ee728b)  -> (artifact id: '4ad6ccfaea0da9730cefd4f345543337') in 0.004597 seconds
  Import took 0.007389 seconds .

========================================================================
Received Import Request.
  Time since last request: 5.786197 seconds.
  path: Assets/Scripts/Network
  artifactKey: Guid(bd609f90af3cfd148a5c35ff8097c518) Importer(815301076,1909f56bfc062723c751e8b465ee728b)
Start importing Assets/Scripts/Network using Guid(bd609f90af3cfd148a5c35ff8097c518) Importer(815301076,1909f56bfc062723c751e8b465ee728b)  -> (artifact id: 'ea552e6653ca24ea7cb3c31aed075612') in 0.004220 seconds
  Import took 0.008145 seconds .

========================================================================
Received Import Request.
  Time since last request: 124.428709 seconds.
  path: Assets/Scripts/Scenes
  artifactKey: Guid(6023001c560d1294196319caae78014d) Importer(815301076,1909f56bfc062723c751e8b465ee728b)
Start importing Assets/Scripts/Scenes using Guid(6023001c560d1294196319caae78014d) Importer(815301076,1909f56bfc062723c751e8b465ee728b)  -> (artifact id: '1295d2bc790a0f551b88e0a7ce1ba1bb') in 0.009317 seconds
  Import took 0.013966 seconds .

========================================================================
Received Import Request.
  Time since last request: 6.088397 seconds.
  path: Assets/Scripts/JobQueue.cs
  artifactKey: Guid(3b087b04ce17f784fa059fb02d1fda28) Importer(815301076,1909f56bfc062723c751e8b465ee728b)
Start importing Assets/Scripts/JobQueue.cs using Guid(3b087b04ce17f784fa059fb02d1fda28) Importer(815301076,1909f56bfc062723c751e8b465ee728b)  -> (artifact id: 'f732ac68a98cf778935aa3f2254ae2ca') in 0.034230 seconds
  Import took 0.038063 seconds .

========================================================================
Received Import Request.
  Time since last request: 0.041052 seconds.
  path: Assets/Scripts/JobQueue.cs
  artifactKey: Guid(3b087b04ce17f784fa059fb02d1fda28) Importer(815301076,1909f56bfc062723c751e8b465ee728b)
Start importing Assets/Scripts/JobQueue.cs using Guid(3b087b04ce17f784fa059fb02d1fda28) Importer(815301076,1909f56bfc062723c751e8b465ee728b)  -> (artifact id: 'f732ac68a98cf778935aa3f2254ae2ca') in 0.007048 seconds
  Import took 0.012695 seconds .

========================================================================
Received Import Request.
  Time since last request: 8.910657 seconds.
  path: Assets/Scripts/Listener.cs
  artifactKey: Guid(151ee877c4f2490478f491e948bb0323) Importer(815301076,1909f56bfc062723c751e8b465ee728b)
Start importing Assets/Scripts/Listener.cs using Guid(151ee877c4f2490478f491e948bb0323) Importer(815301076,1909f56bfc062723c751e8b465ee728b)  -> (artifact id: 'e5d2266eebbe3fe17bfef79f7b639684') in 0.004346 seconds
  Import took 0.007452 seconds .

========================================================================
Received Import Request.
  Time since last request: 0.201324 seconds.
  path: Assets/Scripts/Listener.cs
  artifactKey: Guid(151ee877c4f2490478f491e948bb0323) Importer(815301076,1909f56bfc062723c751e8b465ee728b)
Start importing Assets/Scripts/Listener.cs using Guid(151ee877c4f2490478f491e948bb0323) Importer(815301076,1909f56bfc062723c751e8b465ee728b)  -> (artifact id: 'e5d2266eebbe3fe17bfef79f7b639684') in 0.003337 seconds
  Import took 0.006356 seconds .

========================================================================
Received Import Request.
  Time since last request: 2.857051 seconds.
  path: Assets/Scripts/PriorityQueue.cs
  artifactKey: Guid(1b332e9314e7f6a4abfe5b674f114924) Importer(815301076,1909f56bfc062723c751e8b465ee728b)
Start importing Assets/Scripts/PriorityQueue.cs using Guid(1b332e9314e7f6a4abfe5b674f114924) Importer(815301076,1909f56bfc062723c751e8b465ee728b)  -> (artifact id: 'dc7c2cf8490cf5118226e2720497ae42') in 0.004163 seconds
  Import took 0.007154 seconds .

========================================================================
Received Import Request.
  Time since last request: 0.008749 seconds.
  path: Assets/Scripts/PriorityQueue.cs
  artifactKey: Guid(1b332e9314e7f6a4abfe5b674f114924) Importer(815301076,1909f56bfc062723c751e8b465ee728b)
Start importing Assets/Scripts/PriorityQueue.cs using Guid(1b332e9314e7f6a4abfe5b674f114924) Importer(815301076,1909f56bfc062723c751e8b465ee728b)  -> (artifact id: 'dc7c2cf8490cf5118226e2720497ae42') in 0.004375 seconds
  Import took 0.008044 seconds .

========================================================================
Received Import Request.
  Time since last request: 5.659761 seconds.
  path: Assets/Scripts/Packet
  artifactKey: Guid(799810cd53b71524ca45edc85741a065) Importer(815301076,1909f56bfc062723c751e8b465ee728b)
Start importing Assets/Scripts/Packet using Guid(799810cd53b71524ca45edc85741a065) Importer(815301076,1909f56bfc062723c751e8b465ee728b)  -> (artifact id: 'd51a9cfcbcb81658276e3dd972d7ae22') in 0.010312 seconds
  Import took 0.015498 seconds .

========================================================================
Received Import Request.
  Time since last request: 15.685902 seconds.
  path: Assets/Scripts/Connector.cs
  artifactKey: Guid(6a9d4c3666fedfc4abd1ee936315ab67) Importer(815301076,1909f56bfc062723c751e8b465ee728b)
Start importing Assets/Scripts/Connector.cs using Guid(6a9d4c3666fedfc4abd1ee936315ab67) Importer(815301076,1909f56bfc062723c751e8b465ee728b)  -> (artifact id: 'e444c5c77b39593d2714c6c0830a3b09') in 0.007381 seconds
  Import took 0.010655 seconds .

========================================================================
Received Import Request.
  Time since last request: 0.009912 seconds.
  path: Assets/Scripts/Connector.cs
  artifactKey: Guid(6a9d4c3666fedfc4abd1ee936315ab67) Importer(815301076,1909f56bfc062723c751e8b465ee728b)
Start importing Assets/Scripts/Connector.cs using Guid(6a9d4c3666fedfc4abd1ee936315ab67) Importer(815301076,1909f56bfc062723c751e8b465ee728b)  -> (artifact id: 'e444c5c77b39593d2714c6c0830a3b09') in 0.003688 seconds
  Import took 0.008066 seconds .

========================================================================
Received Import Request.
  Time since last request: 10.974176 seconds.
  path: Assets/Scripts/Network/ReceiveBuffer.cs
  artifactKey: Guid(82ac0169ee0b4ee45a17fce3d60a9049) Importer(815301076,1909f56bfc062723c751e8b465ee728b)
Start importing Assets/Scripts/Network/ReceiveBuffer.cs using Guid(82ac0169ee0b4ee45a17fce3d60a9049) Importer(815301076,1909f56bfc062723c751e8b465ee728b)  -> (artifact id: '7b88731642d7dc31ab979b24cc9b9f90') in 0.009766 seconds
  Import took 0.013384 seconds .

========================================================================
Received Prepare
Registering precompiled user dll's ...
Registered in 0.001072 seconds.
Begin MonoManager ReloadAssembly
Native extension for WindowsStandalone target not found
Native extension for WebGL target not found
Refreshing native plugins compatible for Editor in 0.25 ms, found 0 plugins.
Preloading 0 native plugins for Editor in 0.00 ms.
Mono: successfully reloaded assembly
- Completed reload, in  1.540 seconds
Platform modules already initialized, skipping
Refreshing native plugins compatible for Editor in 0.43 ms, found 0 plugins.
Preloading 0 native plugins for Editor in 0.00 ms.
Unloading 1118 Unused Serialized files (Serialized files now loaded: 0)
System memory in use before: 57.2 MB.
System memory in use after: 57.3 MB.

Unloading 5 unused Assets to reduce memory usage. Loaded Objects now: 1568.
Total: 3.686800 ms (FindLiveObjects: 0.182500 ms CreateObjectMapping: 0.051900 ms MarkObjects: 3.299900 ms  DeleteObjects: 0.150100 ms)

========================================================================
Received Import Request.
  Time since last request: 203.739468 seconds.
  path: Assets/Scripts/NetworkManager.cs
  artifactKey: Guid(a6d304290ed2bc442866f4e93d0e24d4) Importer(815301076,1909f56bfc062723c751e8b465ee728b)
Start importing Assets/Scripts/NetworkManager.cs using Guid(a6d304290ed2bc442866f4e93d0e24d4) Importer(815301076,1909f56bfc062723c751e8b465ee728b)  -> (artifact id: '2b5307bc0d5a945048bedffefff6611f') in 0.019386 seconds
  Import took 0.024392 seconds .

========================================================================
Received Prepare
Registering precompiled user dll's ...
Registered in 0.001090 seconds.
Begin MonoManager ReloadAssembly
Native extension for WindowsStandalone target not found
Native extension for WebGL target not found
Refreshing native plugins compatible for Editor in 0.26 ms, found 0 plugins.
Preloading 0 native plugins for Editor in 0.00 ms.
Mono: successfully reloaded assembly
- Completed reload, in  2.111 seconds
Platform modules already initialized, skipping
Refreshing native plugins compatible for Editor in 0.34 ms, found 0 plugins.
Preloading 0 native plugins for Editor in 0.00 ms.
Unloading 1119 Unused Serialized files (Serialized files now loaded: 0)
System memory in use before: 57.3 MB.
System memory in use after: 57.3 MB.

Unloading 5 unused Assets to reduce memory usage. Loaded Objects now: 1572.
Total: 5.529200 ms (FindLiveObjects: 0.674900 ms CreateObjectMapping: 0.571900 ms MarkObjects: 4.204400 ms  DeleteObjects: 0.076000 ms)

========================================================================
Received Prepare
Registering precompiled user dll's ...
Registered in 0.001898 seconds.
Begin MonoManager ReloadAssembly
Native extension for WindowsStandalone target not found
Native extension for WebGL target not found
Refreshing native plugins compatible for Editor in 0.22 ms, found 0 plugins.
Preloading 0 native plugins for Editor in 0.00 ms.
Mono: successfully reloaded assembly
- Completed reload, in  1.707 seconds
Platform modules already initialized, skipping
Refreshing native plugins compatible for Editor in 0.33 ms, found 0 plugins.
Preloading 0 native plugins for Editor in 0.00 ms.
Unloading 1119 Unused Serialized files (Serialized files now loaded: 0)
System memory in use before: 57.3 MB.
System memory in use after: 57.3 MB.

Unloading 5 unused Assets to reduce memory usage. Loaded Objects now: 1575.
Total: 1.898200 ms (FindLiveObjects: 0.136700 ms CreateObjectMapping: 0.040700 ms MarkObjects: 1.666300 ms  DeleteObjects: 0.053500 ms)

========================================================================
Received Import Request.
  Time since last request: 225.514083 seconds.
  path: Assets/Scripts/NetworkManager.cs
  artifactKey: Guid(a6d304290ed2bc442866f4e93d0e24d4) Importer(815301076,1909f56bfc062723c751e8b465ee728b)
Start importing Assets/Scripts/NetworkManager.cs using Guid(a6d304290ed2bc442866f4e93d0e24d4) Importer(815301076,1909f56bfc062723c751e8b465ee728b)  -> (artifact id: '39faa3dc9a3df27c06807497d4e4bb63') in 0.021661 seconds
  Import took 0.027686 seconds .

========================================================================
Received Prepare
Registering precompiled user dll's ...
Registered in 0.002123 seconds.
Begin MonoManager ReloadAssembly
Native extension for WindowsStandalone target not found
Native extension for WebGL target not found
Refreshing native plugins compatible for Editor in 0.34 ms, found 0 plugins.
Preloading 0 native plugins for Editor in 0.00 ms.
Mono: successfully reloaded assembly
- Completed reload, in  2.106 seconds
Platform modules already initialized, skipping
Refreshing native plugins compatible for Editor in 0.51 ms, found 0 plugins.
Preloading 0 native plugins for Editor in 0.00 ms.
Unloading 1119 Unused Serialized files (Serialized files now loaded: 0)
System memory in use before: 57.3 MB.
System memory in use after: 57.3 MB.

Unloading 5 unused Assets to reduce memory usage. Loaded Objects now: 1578.
Total: 2.579400 ms (FindLiveObjects: 0.385800 ms CreateObjectMapping: 0.109300 ms MarkObjects: 2.026300 ms  DeleteObjects: 0.056100 ms)

========================================================================
Received Prepare
Registering precompiled user dll's ...
Registered in 0.001555 seconds.
Begin MonoManager ReloadAssembly
Native extension for WindowsStandalone target not found
Native extension for WebGL target not found
Refreshing native plugins compatible for Editor in 0.22 ms, found 0 plugins.
Preloading 0 native plugins for Editor in 0.00 ms.
Mono: successfully reloaded assembly
- Completed reload, in  1.693 seconds
Platform modules already initialized, skipping
Refreshing native plugins compatible for Editor in 4.17 ms, found 0 plugins.
Preloading 0 native plugins for Editor in 0.00 ms.
Unloading 1119 Unused Serialized files (Serialized files now loaded: 0)
System memory in use before: 57.3 MB.
System memory in use after: 57.4 MB.

Unloading 5 unused Assets to reduce memory usage. Loaded Objects now: 1581.
Total: 9.187500 ms (FindLiveObjects: 0.270100 ms CreateObjectMapping: 0.096000 ms MarkObjects: 8.621700 ms  DeleteObjects: 0.195700 ms)

========================================================================
Received Prepare
Registering precompiled user dll's ...
Registered in 0.001461 seconds.
Begin MonoManager ReloadAssembly
Native extension for WindowsStandalone target not found
Native extension for WebGL target not found
Refreshing native plugins compatible for Editor in 0.45 ms, found 0 plugins.
Preloading 0 native plugins for Editor in 0.00 ms.
Mono: successfully reloaded assembly
- Completed reload, in  1.805 seconds
Platform modules already initialized, skipping
Refreshing native plugins compatible for Editor in 0.39 ms, found 0 plugins.
Preloading 0 native plugins for Editor in 0.00 ms.
Unloading 1119 Unused Serialized files (Serialized files now loaded: 0)
System memory in use before: 57.3 MB.
System memory in use after: 57.4 MB.

Unloading 5 unused Assets to reduce memory usage. Loaded Objects now: 1584.
Total: 2.926200 ms (FindLiveObjects: 0.187300 ms CreateObjectMapping: 0.056500 ms MarkObjects: 2.586500 ms  DeleteObjects: 0.093700 ms)

========================================================================
Received Prepare
Registering precompiled user dll's ...
Registered in 0.001512 seconds.
Begin MonoManager ReloadAssembly
Native extension for WindowsStandalone target not found
Native extension for WebGL target not found
Refreshing native plugins compatible for Editor in 0.40 ms, found 0 plugins.
Preloading 0 native plugins for Editor in 0.00 ms.
Mono: successfully reloaded assembly
- Completed reload, in  1.654 seconds
Platform modules already initialized, skipping
Refreshing native plugins compatible for Editor in 0.25 ms, found 0 plugins.
Preloading 0 native plugins for Editor in 0.00 ms.
Unloading 1119 Unused Serialized files (Serialized files now loaded: 0)
System memory in use before: 57.3 MB.
System memory in use after: 57.4 MB.

Unloading 5 unused Assets to reduce memory usage. Loaded Objects now: 1587.
Total: 2.453200 ms (FindLiveObjects: 0.255000 ms CreateObjectMapping: 0.070000 ms MarkObjects: 2.022100 ms  DeleteObjects: 0.104100 ms)

========================================================================
Received Import Request.
  Time since last request: 5972.465517 seconds.
  path: Assets/Scripts/PacketQueue.cs
  artifactKey: Guid(982511a08921a3e4283a96a6784a4958) Importer(815301076,1909f56bfc062723c751e8b465ee728b)
Start importing Assets/Scripts/PacketQueue.cs using Guid(982511a08921a3e4283a96a6784a4958) Importer(815301076,1909f56bfc062723c751e8b465ee728b)  -> (artifact id: '1c316c33ce86fa2d0569486f2c188ec9') in 0.041110 seconds
  Import took 0.046800 seconds .

========================================================================
Received Prepare
Registering precompiled user dll's ...
Registered in 0.001346 seconds.
Begin MonoManager ReloadAssembly
Native extension for WindowsStandalone target not found
Native extension for WebGL target not found
Refreshing native plugins compatible for Editor in 0.22 ms, found 0 plugins.
Preloading 0 native plugins for Editor in 0.00 ms.
Mono: successfully reloaded assembly
- Completed reload, in  2.221 seconds
Platform modules already initialized, skipping
Refreshing native plugins compatible for Editor in 0.21 ms, found 0 plugins.
Preloading 0 native plugins for Editor in 0.00 ms.
Unloading 1120 Unused Serialized files (Serialized files now loaded: 0)
System memory in use before: 57.3 MB.
System memory in use after: 57.4 MB.

Unloading 5 unused Assets to reduce memory usage. Loaded Objects now: 1591.
Total: 4.165500 ms (FindLiveObjects: 0.958300 ms CreateObjectMapping: 0.380700 ms MarkObjects: 2.746000 ms  DeleteObjects: 0.078500 ms)

========================================================================
Received Import Request.
  Time since last request: 523.997695 seconds.
  path: Assets/Scripts/PacketQueue.cs
  artifactKey: Guid(982511a08921a3e4283a96a6784a4958) Importer(815301076,1909f56bfc062723c751e8b465ee728b)
Start importing Assets/Scripts/PacketQueue.cs using Guid(982511a08921a3e4283a96a6784a4958) Importer(815301076,1909f56bfc062723c751e8b465ee728b)  -> (artifact id: 'f263fcb813b23d8726501e6a080ff838') in 0.022698 seconds
  Import took 0.026259 seconds .

========================================================================
Received Import Request.
  Time since last request: 2.589924 seconds.
  path: Assets/Scripts/PacketQueue.cs
  artifactKey: Guid(982511a08921a3e4283a96a6784a4958) Importer(815301076,1909f56bfc062723c751e8b465ee728b)
Start importing Assets/Scripts/PacketQueue.cs using Guid(982511a08921a3e4283a96a6784a4958) Importer(815301076,1909f56bfc062723c751e8b465ee728b)  -> (artifact id: 'f263fcb813b23d8726501e6a080ff838') in 0.007469 seconds
  Import took 0.010663 seconds .

========================================================================
Received Prepare
Registering precompiled user dll's ...
Registered in 0.001637 seconds.
Begin MonoManager ReloadAssembly
Native extension for WindowsStandalone target not found
Native extension for WebGL target not found
Refreshing native plugins compatible for Editor in 0.45 ms, found 0 plugins.
Preloading 0 native plugins for Editor in 0.00 ms.
Mono: successfully reloaded assembly
- Completed reload, in  2.002 seconds
Platform modules already initialized, skipping
Refreshing native plugins compatible for Editor in 0.27 ms, found 0 plugins.
Preloading 0 native plugins for Editor in 0.00 ms.
Unloading 1120 Unused Serialized files (Serialized files now loaded: 0)
System memory in use before: 57.3 MB.
System memory in use after: 57.4 MB.

Unloading 5 unused Assets to reduce memory usage. Loaded Objects now: 1594.
Total: 3.074400 ms (FindLiveObjects: 0.220400 ms CreateObjectMapping: 0.072500 ms MarkObjects: 2.693600 ms  DeleteObjects: 0.086400 ms)

========================================================================
Received Import Request.
  Time since last request: 11.328173 seconds.
  path: Assets/Scripts/NetworkManager.cs
  artifactKey: Guid(a6d304290ed2bc442866f4e93d0e24d4) Importer(815301076,1909f56bfc062723c751e8b465ee728b)
Start importing Assets/Scripts/NetworkManager.cs using Guid(a6d304290ed2bc442866f4e93d0e24d4) Importer(815301076,1909f56bfc062723c751e8b465ee728b)  -> (artifact id: 'a1dca9581a6d2251f30f460b67bfb017') in 0.069218 seconds
  Import took 0.073527 seconds .

========================================================================
Received Prepare
Registering precompiled user dll's ...
Registered in 0.001150 seconds.
Begin MonoManager ReloadAssembly
Native extension for WindowsStandalone target not found
Native extension for WebGL target not found
Refreshing native plugins compatible for Editor in 0.23 ms, found 0 plugins.
Preloading 0 native plugins for Editor in 0.00 ms.
Mono: successfully reloaded assembly
- Completed reload, in  1.678 seconds
Platform modules already initialized, skipping
Refreshing native plugins compatible for Editor in 0.21 ms, found 0 plugins.
Preloading 0 native plugins for Editor in 0.00 ms.
Unloading 1120 Unused Serialized files (Serialized files now loaded: 0)
System memory in use before: 57.3 MB.
System memory in use after: 57.4 MB.

Unloading 5 unused Assets to reduce memory usage. Loaded Objects now: 1597.
Total: 2.424300 ms (FindLiveObjects: 0.445300 ms CreateObjectMapping: 0.181900 ms MarkObjects: 1.720600 ms  DeleteObjects: 0.074300 ms)

========================================================================
Received Prepare
Registering precompiled user dll's ...
Registered in 0.001038 seconds.
Begin MonoManager ReloadAssembly
Native extension for WindowsStandalone target not found
Native extension for WebGL target not found
Refreshing native plugins compatible for Editor in 0.31 ms, found 0 plugins.
Preloading 0 native plugins for Editor in 0.00 ms.
Mono: successfully reloaded assembly
- Completed reload, in  1.524 seconds
Platform modules already initialized, skipping
Refreshing native plugins compatible for Editor in 0.35 ms, found 0 plugins.
Preloading 0 native plugins for Editor in 0.00 ms.
Unloading 1120 Unused Serialized files (Serialized files now loaded: 0)
System memory in use before: 57.3 MB.
System memory in use after: 57.4 MB.

Unloading 5 unused Assets to reduce memory usage. Loaded Objects now: 1600.
Total: 2.722700 ms (FindLiveObjects: 0.209700 ms CreateObjectMapping: 0.050400 ms MarkObjects: 2.375300 ms  DeleteObjects: 0.085600 ms)

========================================================================
Received Prepare
Registering precompiled user dll's ...
Registered in 0.001466 seconds.
Begin MonoManager ReloadAssembly
Native extension for WindowsStandalone target not found
Native extension for WebGL target not found
Refreshing native plugins compatible for Editor in 0.22 ms, found 0 plugins.
Preloading 0 native plugins for Editor in 0.00 ms.
Mono: successfully reloaded assembly
- Completed reload, in  1.602 seconds
Platform modules already initialized, skipping
Refreshing native plugins compatible for Editor in 0.25 ms, found 0 plugins.
Preloading 0 native plugins for Editor in 0.00 ms.
Unloading 1120 Unused Serialized files (Serialized files now loaded: 0)
System memory in use before: 57.3 MB.
System memory in use after: 57.4 MB.

Unloading 5 unused Assets to reduce memory usage. Loaded Objects now: 1603.
Total: 4.791100 ms (FindLiveObjects: 0.165400 ms CreateObjectMapping: 0.045800 ms MarkObjects: 4.503100 ms  DeleteObjects: 0.074100 ms)

========================================================================
Received Prepare
Registering precompiled user dll's ...
Registered in 0.001978 seconds.
Begin MonoManager ReloadAssembly
Native extension for WindowsStandalone target not found
Native extension for WebGL target not found
Refreshing native plugins compatible for Editor in 0.22 ms, found 0 plugins.
Preloading 0 native plugins for Editor in 0.00 ms.
Mono: successfully reloaded assembly
- Completed reload, in  1.606 seconds
Platform modules already initialized, skipping
Refreshing native plugins compatible for Editor in 0.38 ms, found 0 plugins.
Preloading 0 native plugins for Editor in 0.00 ms.
Unloading 1120 Unused Serialized files (Serialized files now loaded: 0)
System memory in use before: 57.3 MB.
System memory in use after: 57.4 MB.

Unloading 5 unused Assets to reduce memory usage. Loaded Objects now: 1606.
Total: 4.112300 ms (FindLiveObjects: 0.248800 ms CreateObjectMapping: 0.072000 ms MarkObjects: 3.704800 ms  DeleteObjects: 0.084800 ms)

========================================================================
Received Prepare
Registering precompiled user dll's ...
Registered in 0.001134 seconds.
Begin MonoManager ReloadAssembly
Native extension for WindowsStandalone target not found
Native extension for WebGL target not found
Refreshing native plugins compatible for Editor in 0.39 ms, found 0 plugins.
Preloading 0 native plugins for Editor in 0.00 ms.
Mono: successfully reloaded assembly
- Completed reload, in  2.100 seconds
Platform modules already initialized, skipping
Refreshing native plugins compatible for Editor in 0.21 ms, found 0 plugins.
Preloading 0 native plugins for Editor in 0.00 ms.
Unloading 1120 Unused Serialized files (Serialized files now loaded: 0)
System memory in use before: 57.4 MB.
System memory in use after: 57.4 MB.

Unloading 5 unused Assets to reduce memory usage. Loaded Objects now: 1609.
Total: 4.910700 ms (FindLiveObjects: 0.309200 ms CreateObjectMapping: 0.256300 ms MarkObjects: 4.231800 ms  DeleteObjects: 0.110900 ms)

========================================================================
Received Prepare
Registering precompiled user dll's ...
Registered in 0.001019 seconds.
Begin MonoManager ReloadAssembly
Native extension for WindowsStandalone target not found
Native extension for WebGL target not found
Refreshing native plugins compatible for Editor in 0.23 ms, found 0 plugins.
Preloading 0 native plugins for Editor in 0.00 ms.
Mono: successfully reloaded assembly
- Completed reload, in  2.225 seconds
Platform modules already initialized, skipping
Refreshing native plugins compatible for Editor in 0.36 ms, found 0 plugins.
Preloading 0 native plugins for Editor in 0.00 ms.
Unloading 1120 Unused Serialized files (Serialized files now loaded: 0)
System memory in use before: 57.4 MB.
System memory in use after: 57.4 MB.

Unloading 5 unused Assets to reduce memory usage. Loaded Objects now: 1612.
Total: 4.696000 ms (FindLiveObjects: 0.438800 ms CreateObjectMapping: 0.139800 ms MarkObjects: 4.035300 ms  DeleteObjects: 0.078200 ms)

========================================================================
Received Prepare
Registering precompiled user dll's ...
Registered in 0.001664 seconds.
Begin MonoManager ReloadAssembly
Native extension for WindowsStandalone target not found
Native extension for WebGL target not found
Refreshing native plugins compatible for Editor in 0.51 ms, found 0 plugins.
Preloading 0 native plugins for Editor in 0.00 ms.
Mono: successfully reloaded assembly
- Completed reload, in  1.954 seconds
Platform modules already initialized, skipping
Refreshing native plugins compatible for Editor in 0.41 ms, found 0 plugins.
Preloading 0 native plugins for Editor in 0.00 ms.
Unloading 1120 Unused Serialized files (Serialized files now loaded: 0)
System memory in use before: 57.4 MB.
System memory in use after: 57.4 MB.

Unloading 5 unused Assets to reduce memory usage. Loaded Objects now: 1615.
Total: 3.249200 ms (FindLiveObjects: 0.278800 ms CreateObjectMapping: 0.090900 ms MarkObjects: 2.797000 ms  DeleteObjects: 0.080400 ms)

========================================================================
Received Prepare
Registering precompiled user dll's ...
Registered in 0.002008 seconds.
Begin MonoManager ReloadAssembly
Native extension for WindowsStandalone target not found
Native extension for WebGL target not found
Refreshing native plugins compatible for Editor in 0.23 ms, found 0 plugins.
Preloading 0 native plugins for Editor in 0.00 ms.
Mono: successfully reloaded assembly
- Completed reload, in  1.749 seconds
Platform modules already initialized, skipping
Refreshing native plugins compatible for Editor in 0.40 ms, found 0 plugins.
Preloading 0 native plugins for Editor in 0.00 ms.
Unloading 1120 Unused Serialized files (Serialized files now loaded: 0)
System memory in use before: 57.4 MB.
System memory in use after: 57.4 MB.

Unloading 5 unused Assets to reduce memory usage. Loaded Objects now: 1618.
Total: 4.633400 ms (FindLiveObjects: 1.040400 ms CreateObjectMapping: 0.118400 ms MarkObjects: 3.377400 ms  DeleteObjects: 0.093900 ms)

========================================================================
Received Prepare
Registering precompiled user dll's ...
Registered in 0.002038 seconds.
Begin MonoManager ReloadAssembly
Native extension for WindowsStandalone target not found
Native extension for WebGL target not found
Refreshing native plugins compatible for Editor in 0.41 ms, found 0 plugins.
Preloading 0 native plugins for Editor in 0.00 ms.
Mono: successfully reloaded assembly
- Completed reload, in  1.665 seconds
Platform modules already initialized, skipping
Refreshing native plugins compatible for Editor in 0.34 ms, found 0 plugins.
Preloading 0 native plugins for Editor in 0.00 ms.
Unloading 1120 Unused Serialized files (Serialized files now loaded: 0)
System memory in use before: 57.4 MB.
System memory in use after: 57.4 MB.

Unloading 5 unused Assets to reduce memory usage. Loaded Objects now: 1621.
Total: 2.370700 ms (FindLiveObjects: 0.320300 ms CreateObjectMapping: 0.074000 ms MarkObjects: 1.917600 ms  DeleteObjects: 0.056900 ms)

========================================================================
Received Prepare
Registering precompiled user dll's ...
Registered in 0.001448 seconds.
Begin MonoManager ReloadAssembly
Native extension for WindowsStandalone target not found
Native extension for WebGL target not found
Refreshing native plugins compatible for Editor in 0.22 ms, found 0 plugins.
Preloading 0 native plugins for Editor in 0.00 ms.
Mono: successfully reloaded assembly
- Completed reload, in  1.603 seconds
Platform modules already initialized, skipping
Refreshing native plugins compatible for Editor in 0.32 ms, found 0 plugins.
Preloading 0 native plugins for Editor in 0.00 ms.
Unloading 1120 Unused Serialized files (Serialized files now loaded: 0)
System memory in use before: 57.4 MB.
System memory in use after: 57.5 MB.

Unloading 5 unused Assets to reduce memory usage. Loaded Objects now: 1624.
Total: 4.105100 ms (FindLiveObjects: 0.295200 ms CreateObjectMapping: 0.079400 ms MarkObjects: 3.646000 ms  DeleteObjects: 0.082300 ms)

========================================================================
Received Import Request.
  Time since last request: 1367.221629 seconds.
  path: Assets/Scripts/NetworkManager.cs
  artifactKey: Guid(a6d304290ed2bc442866f4e93d0e24d4) Importer(815301076,1909f56bfc062723c751e8b465ee728b)
Start importing Assets/Scripts/NetworkManager.cs using Guid(a6d304290ed2bc442866f4e93d0e24d4) Importer(815301076,1909f56bfc062723c751e8b465ee728b)  -> (artifact id: '38417eca5aa0437b8c8f321618a28b68') in 0.057552 seconds
  Import took 0.072544 seconds .

========================================================================
Received Import Request.
  Time since last request: 0.011029 seconds.
  path: Assets/Scripts/NetworkManager.cs
  artifactKey: Guid(a6d304290ed2bc442866f4e93d0e24d4) Importer(815301076,1909f56bfc062723c751e8b465ee728b)
Start importing Assets/Scripts/NetworkManager.cs using Guid(a6d304290ed2bc442866f4e93d0e24d4) Importer(815301076,1909f56bfc062723c751e8b465ee728b)  -> (artifact id: '38417eca5aa0437b8c8f321618a28b68') in 0.206616 seconds
  Import took 0.253795 seconds .

========================================================================
Received Prepare
Registering precompiled user dll's ...
Registered in 0.002008 seconds.
Begin MonoManager ReloadAssembly
Native extension for WindowsStandalone target not found
Native extension for WebGL target not found
Refreshing native plugins compatible for Editor in 0.23 ms, found 0 plugins.
Preloading 0 native plugins for Editor in 0.00 ms.
Mono: successfully reloaded assembly
- Completed reload, in  1.741 seconds
Platform modules already initialized, skipping
Refreshing native plugins compatible for Editor in 0.33 ms, found 0 plugins.
Preloading 0 native plugins for Editor in 0.00 ms.
Unloading 1120 Unused Serialized files (Serialized files now loaded: 0)
System memory in use before: 57.4 MB.
System memory in use after: 57.5 MB.

Unloading 5 unused Assets to reduce memory usage. Loaded Objects now: 1627.
Total: 2.597300 ms (FindLiveObjects: 0.225500 ms CreateObjectMapping: 0.069400 ms MarkObjects: 2.234900 ms  DeleteObjects: 0.066200 ms)

========================================================================
Received Prepare
Registering precompiled user dll's ...
Registered in 0.001179 seconds.
Begin MonoManager ReloadAssembly
Native extension for WindowsStandalone target not found
Native extension for WebGL target not found
Refreshing native plugins compatible for Editor in 0.36 ms, found 0 plugins.
Preloading 0 native plugins for Editor in 0.00 ms.
Mono: successfully reloaded assembly
- Completed reload, in  1.542 seconds
Platform modules already initialized, skipping
Refreshing native plugins compatible for Editor in 0.34 ms, found 0 plugins.
Preloading 0 native plugins for Editor in 0.00 ms.
Unloading 1120 Unused Serialized files (Serialized files now loaded: 0)
System memory in use before: 57.4 MB.
System memory in use after: 57.5 MB.

Unloading 5 unused Assets to reduce memory usage. Loaded Objects now: 1630.
Total: 3.329800 ms (FindLiveObjects: 0.230500 ms CreateObjectMapping: 0.061300 ms MarkObjects: 2.957100 ms  DeleteObjects: 0.078800 ms)

========================================================================
Received Prepare
Registering precompiled user dll's ...
Registered in 0.002449 seconds.
Begin MonoManager ReloadAssembly
Native extension for WindowsStandalone target not found
Native extension for WebGL target not found
Refreshing native plugins compatible for Editor in 0.38 ms, found 0 plugins.
Preloading 0 native plugins for Editor in 0.00 ms.
Mono: successfully reloaded assembly
- Completed reload, in  2.561 seconds
Platform modules already initialized, skipping
Refreshing native plugins compatible for Editor in 0.43 ms, found 0 plugins.
Preloading 0 native plugins for Editor in 0.00 ms.
Unloading 1120 Unused Serialized files (Serialized files now loaded: 0)
System memory in use before: 57.4 MB.
System memory in use after: 57.5 MB.

Unloading 5 unused Assets to reduce memory usage. Loaded Objects now: 1633.
Total: 4.592400 ms (FindLiveObjects: 0.825600 ms CreateObjectMapping: 0.120900 ms MarkObjects: 3.582900 ms  DeleteObjects: 0.060500 ms)

========================================================================
Received Prepare
Registering precompiled user dll's ...
Registered in 0.001665 seconds.
Begin MonoManager ReloadAssembly
Native extension for WindowsStandalone target not found
Native extension for WebGL target not found
Refreshing native plugins compatible for Editor in 0.41 ms, found 0 plugins.
Preloading 0 native plugins for Editor in 0.00 ms.
Mono: successfully reloaded assembly
- Completed reload, in  2.057 seconds
Platform modules already initialized, skipping
Refreshing native plugins compatible for Editor in 0.28 ms, found 0 plugins.
Preloading 0 native plugins for Editor in 0.00 ms.
Unloading 1120 Unused Serialized files (Serialized files now loaded: 0)
System memory in use before: 57.4 MB.
System memory in use after: 57.5 MB.

Unloading 5 unused Assets to reduce memory usage. Loaded Objects now: 1636.
Total: 3.229400 ms (FindLiveObjects: 0.335500 ms CreateObjectMapping: 0.081000 ms MarkObjects: 2.732500 ms  DeleteObjects: 0.078000 ms)

========================================================================
Received Prepare
Registering precompiled user dll's ...
Registered in 0.002245 seconds.
Begin MonoManager ReloadAssembly
Native extension for WindowsStandalone target not found
Native extension for WebGL target not found
Refreshing native plugins compatible for Editor in 0.48 ms, found 0 plugins.
Preloading 0 native plugins for Editor in 0.00 ms.
Mono: successfully reloaded assembly
- Completed reload, in  2.490 seconds
Platform modules already initialized, skipping
Refreshing native plugins compatible for Editor in 0.32 ms, found 0 plugins.
Preloading 0 native plugins for Editor in 0.00 ms.
Unloading 1120 Unused Serialized files (Serialized files now loaded: 0)
System memory in use before: 57.4 MB.
System memory in use after: 57.5 MB.

Unloading 5 unused Assets to reduce memory usage. Loaded Objects now: 1639.
Total: 1.922900 ms (FindLiveObjects: 0.187200 ms CreateObjectMapping: 0.047800 ms MarkObjects: 1.613600 ms  DeleteObjects: 0.072800 ms)

========================================================================
Received Prepare
Registering precompiled user dll's ...
Registered in 0.001894 seconds.
Begin MonoManager ReloadAssembly
Native extension for WindowsStandalone target not found
Native extension for WebGL target not found
Refreshing native plugins compatible for Editor in 0.37 ms, found 0 plugins.
Preloading 0 native plugins for Editor in 0.00 ms.
Mono: successfully reloaded assembly
- Completed reload, in  2.295 seconds
Platform modules already initialized, skipping
Refreshing native plugins compatible for Editor in 0.33 ms, found 0 plugins.
Preloading 0 native plugins for Editor in 0.00 ms.
Unloading 1120 Unused Serialized files (Serialized files now loaded: 0)
System memory in use before: 57.4 MB.
System memory in use after: 57.5 MB.

Unloading 5 unused Assets to reduce memory usage. Loaded Objects now: 1642.
Total: 4.573800 ms (FindLiveObjects: 0.288900 ms CreateObjectMapping: 0.171900 ms MarkObjects: 4.034700 ms  DeleteObjects: 0.076600 ms)

========================================================================
Received Prepare
Registering precompiled user dll's ...
Registered in 0.001372 seconds.
Begin MonoManager ReloadAssembly
Native extension for WindowsStandalone target not found
Native extension for WebGL target not found
Refreshing native plugins compatible for Editor in 0.22 ms, found 0 plugins.
Preloading 0 native plugins for Editor in 0.00 ms.
Mono: successfully reloaded assembly
- Completed reload, in  1.687 seconds
Platform modules already initialized, skipping
Refreshing native plugins compatible for Editor in 0.49 ms, found 0 plugins.
Preloading 0 native plugins for Editor in 0.00 ms.
Unloading 1120 Unused Serialized files (Serialized files now loaded: 0)
System memory in use before: 57.4 MB.
System memory in use after: 57.5 MB.

Unloading 5 unused Assets to reduce memory usage. Loaded Objects now: 1645.
Total: 3.034500 ms (FindLiveObjects: 0.498100 ms CreateObjectMapping: 0.124000 ms MarkObjects: 2.348200 ms  DeleteObjects: 0.061200 ms)

========================================================================
Received Prepare
Registering precompiled user dll's ...
Registered in 0.002744 seconds.
Begin MonoManager ReloadAssembly
Native extension for WindowsStandalone target not found
Native extension for WebGL target not found
Refreshing native plugins compatible for Editor in 0.23 ms, found 0 plugins.
Preloading 0 native plugins for Editor in 0.00 ms.
Mono: successfully reloaded assembly
- Completed reload, in  2.017 seconds
Platform modules already initialized, skipping
Refreshing native plugins compatible for Editor in 0.35 ms, found 0 plugins.
Preloading 0 native plugins for Editor in 0.00 ms.
Unloading 1120 Unused Serialized files (Serialized files now loaded: 0)
System memory in use before: 57.4 MB.
System memory in use after: 57.5 MB.

Unloading 5 unused Assets to reduce memory usage. Loaded Objects now: 1648.
Total: 3.433900 ms (FindLiveObjects: 0.277900 ms CreateObjectMapping: 0.107000 ms MarkObjects: 2.938200 ms  DeleteObjects: 0.108800 ms)

========================================================================
Received Prepare
Registering precompiled user dll's ...
Registered in 0.001560 seconds.
Begin MonoManager ReloadAssembly
Native extension for WindowsStandalone target not found
Native extension for WebGL target not found
Refreshing native plugins compatible for Editor in 0.23 ms, found 0 plugins.
Preloading 0 native plugins for Editor in 0.00 ms.
Mono: successfully reloaded assembly
- Completed reload, in  1.753 seconds
Platform modules already initialized, skipping
Refreshing native plugins compatible for Editor in 0.38 ms, found 0 plugins.
Preloading 0 native plugins for Editor in 0.00 ms.
Unloading 1120 Unused Serialized files (Serialized files now loaded: 0)
System memory in use before: 57.4 MB.
System memory in use after: 57.5 MB.

Unloading 5 unused Assets to reduce memory usage. Loaded Objects now: 1651.
Total: 2.226400 ms (FindLiveObjects: 0.265400 ms CreateObjectMapping: 0.076900 ms MarkObjects: 1.822400 ms  DeleteObjects: 0.059700 ms)

========================================================================
Received Prepare
Registering precompiled user dll's ...
Registered in 0.001516 seconds.
Begin MonoManager ReloadAssembly
Native extension for WindowsStandalone target not found
Native extension for WebGL target not found
Refreshing native plugins compatible for Editor in 0.58 ms, found 0 plugins.
Preloading 0 native plugins for Editor in 0.00 ms.
Mono: successfully reloaded assembly
- Completed reload, in  1.981 seconds
Platform modules already initialized, skipping
Refreshing native plugins compatible for Editor in 0.23 ms, found 0 plugins.
Preloading 0 native plugins for Editor in 0.00 ms.
Unloading 1120 Unused Serialized files (Serialized files now loaded: 0)
System memory in use before: 57.4 MB.
System memory in use after: 57.5 MB.

Unloading 5 unused Assets to reduce memory usage. Loaded Objects now: 1654.
Total: 2.856200 ms (FindLiveObjects: 0.251200 ms CreateObjectMapping: 0.063700 ms MarkObjects: 2.440000 ms  DeleteObjects: 0.099500 ms)

========================================================================
Received Import Request.
  Time since last request: 2390.378162 seconds.
  path: Assets/Scripts/Player.cs
  artifactKey: Guid(4df662fe2c7138a48a5af6d1e894ac5a) Importer(815301076,1909f56bfc062723c751e8b465ee728b)
Start importing Assets/Scripts/Player.cs using Guid(4df662fe2c7138a48a5af6d1e894ac5a) Importer(815301076,1909f56bfc062723c751e8b465ee728b)  -> (artifact id: 'e6692726b876887e5870183a6329679d') in 0.014714 seconds
  Import took 0.019710 seconds .

========================================================================
Received Import Request.
  Time since last request: 12.672059 seconds.
  path: Assets/Scripts/MyPlayer.cs
  artifactKey: Guid(42ff128b09e42004cbf4fe084bc9ac78) Importer(815301076,1909f56bfc062723c751e8b465ee728b)
Start importing Assets/Scripts/MyPlayer.cs using Guid(42ff128b09e42004cbf4fe084bc9ac78) Importer(815301076,1909f56bfc062723c751e8b465ee728b)  -> (artifact id: 'd24cdf64ee5c1dd8559615d51a436ac7') in 0.007550 seconds
  Import took 0.014062 seconds .

========================================================================
Received Prepare
Registering precompiled user dll's ...
Registered in 0.004114 seconds.
Begin MonoManager ReloadAssembly
Native extension for WindowsStandalone target not found
Native extension for WebGL target not found
Refreshing native plugins compatible for Editor in 0.80 ms, found 0 plugins.
Preloading 0 native plugins for Editor in 0.00 ms.
Mono: successfully reloaded assembly
- Completed reload, in  1.611 seconds
Platform modules already initialized, skipping
Refreshing native plugins compatible for Editor in 0.25 ms, found 0 plugins.
Preloading 0 native plugins for Editor in 0.00 ms.
Unloading 1122 Unused Serialized files (Serialized files now loaded: 0)
System memory in use before: 57.5 MB.
System memory in use after: 57.5 MB.

Unloading 5 unused Assets to reduce memory usage. Loaded Objects now: 1659.
Total: 3.077300 ms (FindLiveObjects: 0.415200 ms CreateObjectMapping: 0.142700 ms MarkObjects: 2.386200 ms  DeleteObjects: 0.112800 ms)

========================================================================
Received Import Request.
  Time since last request: 311.197023 seconds.
  path: Assets/Scripts/Player.cs
  artifactKey: Guid(4df662fe2c7138a48a5af6d1e894ac5a) Importer(815301076,1909f56bfc062723c751e8b465ee728b)
Start importing Assets/Scripts/Player.cs using Guid(4df662fe2c7138a48a5af6d1e894ac5a) Importer(815301076,1909f56bfc062723c751e8b465ee728b)  -> (artifact id: '28900783e9ad5d6e8ee296c2829eb861') in 0.009751 seconds
  Import took 0.012425 seconds .

========================================================================
Received Import Request.
  Time since last request: 4.989787 seconds.
  path: Assets/Scripts/PlayerManager.cs
  artifactKey: Guid(2d86b8deebf88e047a294f0ee400e7ce) Importer(815301076,1909f56bfc062723c751e8b465ee728b)
Start importing Assets/Scripts/PlayerManager.cs using Guid(2d86b8deebf88e047a294f0ee400e7ce) Importer(815301076,1909f56bfc062723c751e8b465ee728b)  -> (artifact id: '5ae5f27e13476abf8e2975b93c4a3401') in 0.021322 seconds
  Import took 0.028558 seconds .

========================================================================
Received Prepare
Registering precompiled user dll's ...
Registered in 0.001747 seconds.
Begin MonoManager ReloadAssembly
Native extension for WindowsStandalone target not found
Native extension for WebGL target not found
Refreshing native plugins compatible for Editor in 1.21 ms, found 0 plugins.
Preloading 0 native plugins for Editor in 0.00 ms.
Mono: successfully reloaded assembly
- Completed reload, in  2.146 seconds
Platform modules already initialized, skipping
Refreshing native plugins compatible for Editor in 0.23 ms, found 0 plugins.
Preloading 0 native plugins for Editor in 0.00 ms.
Unloading 1123 Unused Serialized files (Serialized files now loaded: 0)
System memory in use before: 57.5 MB.
System memory in use after: 57.6 MB.

Unloading 5 unused Assets to reduce memory usage. Loaded Objects now: 1663.
Total: 2.993400 ms (FindLiveObjects: 0.284900 ms CreateObjectMapping: 0.091600 ms MarkObjects: 2.553700 ms  DeleteObjects: 0.061000 ms)

========================================================================
Received Prepare
Registering precompiled user dll's ...
Registered in 0.001903 seconds.
Begin MonoManager ReloadAssembly
Native extension for WindowsStandalone target not found
Native extension for WebGL target not found
Refreshing native plugins compatible for Editor in 0.22 ms, found 0 plugins.
Preloading 0 native plugins for Editor in 0.00 ms.
Mono: successfully reloaded assembly
- Completed reload, in  1.539 seconds
Platform modules already initialized, skipping
Refreshing native plugins compatible for Editor in 0.21 ms, found 0 plugins.
Preloading 0 native plugins for Editor in 0.00 ms.
Unloading 1123 Unused Serialized files (Serialized files now loaded: 0)
System memory in use before: 57.5 MB.
System memory in use after: 57.6 MB.

Unloading 5 unused Assets to reduce memory usage. Loaded Objects now: 1666.
Total: 2.128200 ms (FindLiveObjects: 0.258400 ms CreateObjectMapping: 0.055900 ms MarkObjects: 1.706400 ms  DeleteObjects: 0.106100 ms)

========================================================================
Received Import Request.
  Time since last request: 92.492231 seconds.
  path: Assets/Scripts/PlayerManager.cs
  artifactKey: Guid(2d86b8deebf88e047a294f0ee400e7ce) Importer(815301076,1909f56bfc062723c751e8b465ee728b)
Start importing Assets/Scripts/PlayerManager.cs using Guid(2d86b8deebf88e047a294f0ee400e7ce) Importer(815301076,1909f56bfc062723c751e8b465ee728b)  -> (artifact id: '32ae8c541cf4e86954fbccd6ef4524c4') in 0.008295 seconds
  Import took 0.012535 seconds .

========================================================================
Received Import Request.
  Time since last request: 3.738187 seconds.
  path: Assets/Resources
  artifactKey: Guid(11fbefff0b6a7b74ca981b3d029ee924) Importer(815301076,1909f56bfc062723c751e8b465ee728b)
Start importing Assets/Resources using Guid(11fbefff0b6a7b74ca981b3d029ee924) Importer(815301076,1909f56bfc062723c751e8b465ee728b)  -> (artifact id: '77ea0db401b840bef179d8a83855d923') in 0.044204 seconds
  Import took 0.048409 seconds .

========================================================================
Received Import Request.
  Time since last request: 3.146101 seconds.
  path: Assets/Resources/Player.prefab
  artifactKey: Guid(aefa200a08924574f8b46eb12aaeabbc) Importer(815301076,1909f56bfc062723c751e8b465ee728b)
Start importing Assets/Resources/Player.prefab using Guid(aefa200a08924574f8b46eb12aaeabbc) Importer(815301076,1909f56bfc062723c751e8b465ee728b)  -> (artifact id: 'e3822f64387ae688b743b60a60a03bac') in 0.152196 seconds
  Import took 0.155750 seconds .

========================================================================
Received Import Request.
  Time since last request: 0.035845 seconds.
  path: Assets/Resources/Player.prefab
  artifactKey: Guid(aefa200a08924574f8b46eb12aaeabbc) Importer(815301076,1909f56bfc062723c751e8b465ee728b)
Start importing Assets/Resources/Player.prefab using Guid(aefa200a08924574f8b46eb12aaeabbc) Importer(815301076,1909f56bfc062723c751e8b465ee728b)  -> (artifact id: 'e3822f64387ae688b743b60a60a03bac') in 0.014922 seconds
  Import took 0.018438 seconds .

========================================================================
Received Prepare
Registering precompiled user dll's ...
Registered in 0.001009 seconds.
Begin MonoManager ReloadAssembly
Native extension for WindowsStandalone target not found
Native extension for WebGL target not found
Refreshing native plugins compatible for Editor in 0.25 ms, found 0 plugins.
Preloading 0 native plugins for Editor in 0.00 ms.
Mono: successfully reloaded assembly
- Completed reload, in  1.610 seconds
Platform modules already initialized, skipping
Refreshing native plugins compatible for Editor in 0.33 ms, found 0 plugins.
Preloading 0 native plugins for Editor in 0.00 ms.
Unloading 1123 Unused Serialized files (Serialized files now loaded: 0)
System memory in use before: 60.6 MB.
System memory in use after: 60.7 MB.

Unloading 6 unused Assets to reduce memory usage. Loaded Objects now: 1677.
Total: 2.437000 ms (FindLiveObjects: 0.263800 ms CreateObjectMapping: 0.083300 ms MarkObjects: 2.021500 ms  DeleteObjects: 0.066900 ms)

========================================================================
Received Prepare
Registering precompiled user dll's ...
Registered in 0.001071 seconds.
Begin MonoManager ReloadAssembly
Native extension for WindowsStandalone target not found
Native extension for WebGL target not found
Refreshing native plugins compatible for Editor in 0.24 ms, found 0 plugins.
Preloading 0 native plugins for Editor in 0.00 ms.
Mono: successfully reloaded assembly
- Completed reload, in  2.116 seconds
Platform modules already initialized, skipping
Refreshing native plugins compatible for Editor in 0.22 ms, found 0 plugins.
Preloading 0 native plugins for Editor in 0.00 ms.
Unloading 1123 Unused Serialized files (Serialized files now loaded: 0)
System memory in use before: 60.6 MB.
System memory in use after: 60.7 MB.

Unloading 5 unused Assets to reduce memory usage. Loaded Objects now: 1680.
Total: 1.998300 ms (FindLiveObjects: 0.202900 ms CreateObjectMapping: 0.061100 ms MarkObjects: 1.621900 ms  DeleteObjects: 0.110800 ms)

========================================================================
Received Prepare
Registering precompiled user dll's ...
Registered in 0.001822 seconds.
Begin MonoManager ReloadAssembly
Native extension for WindowsStandalone target not found
Native extension for WebGL target not found
Refreshing native plugins compatible for Editor in 0.38 ms, found 0 plugins.
Preloading 0 native plugins for Editor in 0.00 ms.
Mono: successfully reloaded assembly
- Completed reload, in  4.054 seconds
Platform modules already initialized, skipping
Refreshing native plugins compatible for Editor in 0.35 ms, found 0 plugins.
Preloading 0 native plugins for Editor in 0.00 ms.
Unloading 1123 Unused Serialized files (Serialized files now loaded: 0)
System memory in use before: 60.6 MB.
System memory in use after: 60.7 MB.

Unloading 5 unused Assets to reduce memory usage. Loaded Objects now: 1683.
Total: 4.568400 ms (FindLiveObjects: 0.246300 ms CreateObjectMapping: 0.090400 ms MarkObjects: 4.125300 ms  DeleteObjects: 0.104400 ms)

========================================================================
Received Prepare
Registering precompiled user dll's ...
Registered in 0.001482 seconds.
Begin MonoManager ReloadAssembly
Native extension for WindowsStandalone target not found
Native extension for WebGL target not found
Refreshing native plugins compatible for Editor in 0.40 ms, found 0 plugins.
Preloading 0 native plugins for Editor in 0.00 ms.
Mono: successfully reloaded assembly
- Completed reload, in  2.187 seconds
Platform modules already initialized, skipping
Refreshing native plugins compatible for Editor in 0.41 ms, found 0 plugins.
Preloading 0 native plugins for Editor in 0.00 ms.
Unloading 1123 Unused Serialized files (Serialized files now loaded: 0)
System memory in use before: 60.7 MB.
System memory in use after: 60.7 MB.

Unloading 5 unused Assets to reduce memory usage. Loaded Objects now: 1686.
Total: 2.904000 ms (FindLiveObjects: 0.231100 ms CreateObjectMapping: 0.071800 ms MarkObjects: 2.518600 ms  DeleteObjects: 0.080600 ms)

========================================================================
Received Prepare
Registering precompiled user dll's ...
Registered in 0.001756 seconds.
Begin MonoManager ReloadAssembly
Native extension for WindowsStandalone target not found
Native extension for WebGL target not found
Refreshing native plugins compatible for Editor in 0.44 ms, found 0 plugins.
Preloading 0 native plugins for Editor in 0.00 ms.
Mono: successfully reloaded assembly
- Completed reload, in  2.053 seconds
Platform modules already initialized, skipping
Refreshing native plugins compatible for Editor in 0.78 ms, found 0 plugins.
Preloading 0 native plugins for Editor in 0.00 ms.
Unloading 1123 Unused Serialized files (Serialized files now loaded: 0)
System memory in use before: 60.7 MB.
System memory in use after: 60.7 MB.

Unloading 5 unused Assets to reduce memory usage. Loaded Objects now: 1689.
Total: 4.396600 ms (FindLiveObjects: 0.883300 ms CreateObjectMapping: 0.187700 ms MarkObjects: 3.238000 ms  DeleteObjects: 0.085000 ms)

========================================================================
Received Prepare
Registering precompiled user dll's ...
Registered in 0.001559 seconds.
Begin MonoManager ReloadAssembly
Native extension for WindowsStandalone target not found
Native extension for WebGL target not found
Refreshing native plugins compatible for Editor in 0.38 ms, found 0 plugins.
Preloading 0 native plugins for Editor in 0.00 ms.
Mono: successfully reloaded assembly
- Completed reload, in  2.091 seconds
Platform modules already initialized, skipping
Refreshing native plugins compatible for Editor in 0.42 ms, found 0 plugins.
Preloading 0 native plugins for Editor in 0.00 ms.
Unloading 1123 Unused Serialized files (Serialized files now loaded: 0)
System memory in use before: 60.7 MB.
System memory in use after: 60.7 MB.

Unloading 5 unused Assets to reduce memory usage. Loaded Objects now: 1692.
Total: 2.721000 ms (FindLiveObjects: 0.200500 ms CreateObjectMapping: 0.094800 ms MarkObjects: 2.344100 ms  DeleteObjects: 0.080300 ms)

========================================================================
Received Prepare
Registering precompiled user dll's ...
Registered in 0.001684 seconds.
Begin MonoManager ReloadAssembly
Native extension for WindowsStandalone target not found
Native extension for WebGL target not found
Refreshing native plugins compatible for Editor in 0.42 ms, found 0 plugins.
Preloading 0 native plugins for Editor in 0.00 ms.
Mono: successfully reloaded assembly
- Completed reload, in  1.905 seconds
Platform modules already initialized, skipping
Refreshing native plugins compatible for Editor in 0.39 ms, found 0 plugins.
Preloading 0 native plugins for Editor in 0.00 ms.
Unloading 1123 Unused Serialized files (Serialized files now loaded: 0)
System memory in use before: 60.7 MB.
System memory in use after: 60.7 MB.

Unloading 5 unused Assets to reduce memory usage. Loaded Objects now: 1695.
Total: 4.237400 ms (FindLiveObjects: 0.274200 ms CreateObjectMapping: 0.198600 ms MarkObjects: 3.664300 ms  DeleteObjects: 0.098100 ms)

========================================================================
Received Prepare
Registering precompiled user dll's ...
Registered in 0.001392 seconds.
Begin MonoManager ReloadAssembly
Native extension for WindowsStandalone target not found
Native extension for WebGL target not found
Refreshing native plugins compatible for Editor in 0.39 ms, found 0 plugins.
Preloading 0 native plugins for Editor in 0.00 ms.
Mono: successfully reloaded assembly
- Completed reload, in  1.535 seconds
Platform modules already initialized, skipping
Refreshing native plugins compatible for Editor in 0.21 ms, found 0 plugins.
Preloading 0 native plugins for Editor in 0.00 ms.
Unloading 1123 Unused Serialized files (Serialized files now loaded: 0)
System memory in use before: 60.7 MB.
System memory in use after: 60.7 MB.

Unloading 5 unused Assets to reduce memory usage. Loaded Objects now: 1698.
Total: 2.288300 ms (FindLiveObjects: 0.145900 ms CreateObjectMapping: 0.041300 ms MarkObjects: 2.035500 ms  DeleteObjects: 0.063900 ms)

========================================================================
Received Prepare
Registering precompiled user dll's ...
Registered in 0.002069 seconds.
Begin MonoManager ReloadAssembly
Native extension for WindowsStandalone target not found
Native extension for WebGL target not found
Refreshing native plugins compatible for Editor in 0.57 ms, found 0 plugins.
Preloading 0 native plugins for Editor in 0.00 ms.
Mono: successfully reloaded assembly
- Completed reload, in  2.851 seconds
Platform modules already initialized, skipping
Refreshing native plugins compatible for Editor in 1.67 ms, found 0 plugins.
Preloading 0 native plugins for Editor in 0.00 ms.
Unloading 1123 Unused Serialized files (Serialized files now loaded: 0)
System memory in use before: 60.7 MB.
System memory in use after: 60.8 MB.

Unloading 5 unused Assets to reduce memory usage. Loaded Objects now: 1701.
Total: 50.557700 ms (FindLiveObjects: 27.070200 ms CreateObjectMapping: 0.774600 ms MarkObjects: 22.631200 ms  DeleteObjects: 0.079500 ms)

========================================================================
Received Prepare
Registering precompiled user dll's ...
Registered in 0.001436 seconds.
Begin MonoManager ReloadAssembly
Native extension for WindowsStandalone target not found
Native extension for WebGL target not found
Refreshing native plugins compatible for Editor in 0.39 ms, found 0 plugins.
Preloading 0 native plugins for Editor in 0.00 ms.
Mono: successfully reloaded assembly
- Completed reload, in  1.593 seconds
Platform modules already initialized, skipping
Refreshing native plugins compatible for Editor in 0.30 ms, found 0 plugins.
Preloading 0 native plugins for Editor in 0.00 ms.
Unloading 1123 Unused Serialized files (Serialized files now loaded: 0)
System memory in use before: 60.7 MB.
System memory in use after: 60.8 MB.

Unloading 5 unused Assets to reduce memory usage. Loaded Objects now: 1704.
Total: 3.771600 ms (FindLiveObjects: 0.312500 ms CreateObjectMapping: 0.135100 ms MarkObjects: 3.219600 ms  DeleteObjects: 0.101600 ms)

========================================================================
Received Prepare
Registering precompiled user dll's ...
Registered in 0.001071 seconds.
Begin MonoManager ReloadAssembly
Native extension for WindowsStandalone target not found
Native extension for WebGL target not found
Refreshing native plugins compatible for Editor in 0.23 ms, found 0 plugins.
Preloading 0 native plugins for Editor in 0.00 ms.
Mono: successfully reloaded assembly
- Completed reload, in  1.654 seconds
Platform modules already initialized, skipping
Refreshing native plugins compatible for Editor in 0.33 ms, found 0 plugins.
Preloading 0 native plugins for Editor in 0.00 ms.
Unloading 1123 Unused Serialized files (Serialized files now loaded: 0)
System memory in use before: 60.7 MB.
System memory in use after: 60.8 MB.

Unloading 5 unused Assets to reduce memory usage. Loaded Objects now: 1707.
Total: 3.279600 ms (FindLiveObjects: 0.257400 ms CreateObjectMapping: 0.075700 ms MarkObjects: 2.836000 ms  DeleteObjects: 0.108900 ms)

========================================================================
Received Prepare
Registering precompiled user dll's ...
Registered in 0.001652 seconds.
Begin MonoManager ReloadAssembly
Native extension for WindowsStandalone target not found
Native extension for WebGL target not found
Refreshing native plugins compatible for Editor in 0.37 ms, found 0 plugins.
Preloading 0 native plugins for Editor in 0.00 ms.
Mono: successfully reloaded assembly
- Completed reload, in  1.554 seconds
Platform modules already initialized, skipping
Refreshing native plugins compatible for Editor in 0.36 ms, found 0 plugins.
Preloading 0 native plugins for Editor in 0.00 ms.
Unloading 1123 Unused Serialized files (Serialized files now loaded: 0)
System memory in use before: 60.7 MB.
System memory in use after: 60.8 MB.

Unloading 5 unused Assets to reduce memory usage. Loaded Objects now: 1710.
Total: 2.278800 ms (FindLiveObjects: 0.255800 ms CreateObjectMapping: 0.072700 ms MarkObjects: 1.874100 ms  DeleteObjects: 0.074100 ms)

========================================================================
Received Prepare
Registering precompiled user dll's ...
Registered in 0.001364 seconds.
Begin MonoManager ReloadAssembly
Native extension for WindowsStandalone target not found
Native extension for WebGL target not found
Refreshing native plugins compatible for Editor in 0.32 ms, found 0 plugins.
Preloading 0 native plugins for Editor in 0.00 ms.
Mono: successfully reloaded assembly
- Completed reload, in  1.426 seconds
Platform modules already initialized, skipping
Refreshing native plugins compatible for Editor in 0.33 ms, found 0 plugins.
Preloading 0 native plugins for Editor in 0.00 ms.
Unloading 1123 Unused Serialized files (Serialized files now loaded: 0)
System memory in use before: 60.7 MB.
System memory in use after: 60.8 MB.

Unloading 5 unused Assets to reduce memory usage. Loaded Objects now: 1713.
Total: 2.213700 ms (FindLiveObjects: 0.281300 ms CreateObjectMapping: 0.090300 ms MarkObjects: 1.759900 ms  DeleteObjects: 0.060900 ms)

========================================================================
Received Prepare
Registering precompiled user dll's ...
Registered in 0.001022 seconds.
Begin MonoManager ReloadAssembly
Native extension for WindowsStandalone target not found
Native extension for WebGL target not found
Refreshing native plugins compatible for Editor in 0.23 ms, found 0 plugins.
Preloading 0 native plugins for Editor in 0.00 ms.
Mono: successfully reloaded assembly
- Completed reload, in  1.739 seconds
Platform modules already initialized, skipping
Refreshing native plugins compatible for Editor in 0.33 ms, found 0 plugins.
Preloading 0 native plugins for Editor in 0.00 ms.
Unloading 1123 Unused Serialized files (Serialized files now loaded: 0)
System memory in use before: 60.7 MB.
System memory in use after: 60.8 MB.

Unloading 5 unused Assets to reduce memory usage. Loaded Objects now: 1716.
Total: 3.129800 ms (FindLiveObjects: 0.202100 ms CreateObjectMapping: 0.042500 ms MarkObjects: 2.808500 ms  DeleteObjects: 0.074500 ms)

========================================================================
Received Prepare
Registering precompiled user dll's ...
Registered in 0.001763 seconds.
Begin MonoManager ReloadAssembly
Native extension for WindowsStandalone target not found
Native extension for WebGL target not found
Refreshing native plugins compatible for Editor in 0.36 ms, found 0 plugins.
Preloading 0 native plugins for Editor in 0.00 ms.
Mono: successfully reloaded assembly
- Completed reload, in  1.632 seconds
Platform modules already initialized, skipping
Refreshing native plugins compatible for Editor in 0.29 ms, found 0 plugins.
Preloading 0 native plugins for Editor in 0.00 ms.
Unloading 1123 Unused Serialized files (Serialized files now loaded: 0)
System memory in use before: 60.7 MB.
System memory in use after: 60.8 MB.

Unloading 5 unused Assets to reduce memory usage. Loaded Objects now: 1719.
Total: 3.172900 ms (FindLiveObjects: 0.214500 ms CreateObjectMapping: 0.072800 ms MarkObjects: 2.806700 ms  DeleteObjects: 0.077300 ms)

========================================================================
Received Prepare
Registering precompiled user dll's ...
Registered in 0.001815 seconds.
Begin MonoManager ReloadAssembly
Native extension for WindowsStandalone target not found
Native extension for WebGL target not found
Refreshing native plugins compatible for Editor in 0.40 ms, found 0 plugins.
Preloading 0 native plugins for Editor in 0.00 ms.
Mono: successfully reloaded assembly
- Completed reload, in  2.075 seconds
Platform modules already initialized, skipping
Refreshing native plugins compatible for Editor in 0.56 ms, found 0 plugins.
Preloading 0 native plugins for Editor in 0.00 ms.
Unloading 1123 Unused Serialized files (Serialized files now loaded: 0)
System memory in use before: 60.7 MB.
System memory in use after: 60.8 MB.

Unloading 5 unused Assets to reduce memory usage. Loaded Objects now: 1722.
Total: 4.193600 ms (FindLiveObjects: 0.261500 ms CreateObjectMapping: 0.088300 ms MarkObjects: 3.762100 ms  DeleteObjects: 0.080200 ms)

========================================================================
Received Prepare
Registering precompiled user dll's ...
Registered in 0.001862 seconds.
Begin MonoManager ReloadAssembly
Native extension for WindowsStandalone target not found
Native extension for WebGL target not found
Refreshing native plugins compatible for Editor in 0.24 ms, found 0 plugins.
Preloading 0 native plugins for Editor in 0.00 ms.
Mono: successfully reloaded assembly
- Completed reload, in  1.890 seconds
Platform modules already initialized, skipping
Refreshing native plugins compatible for Editor in 0.21 ms, found 0 plugins.
Preloading 0 native plugins for Editor in 0.00 ms.
Unloading 1123 Unused Serialized files (Serialized files now loaded: 0)
System memory in use before: 60.7 MB.
System memory in use after: 60.8 MB.

Unloading 5 unused Assets to reduce memory usage. Loaded Objects now: 1725.
Total: 2.510600 ms (FindLiveObjects: 0.246900 ms CreateObjectMapping: 0.067500 ms MarkObjects: 2.054800 ms  DeleteObjects: 0.139200 ms)

========================================================================
Received Prepare
Registering precompiled user dll's ...
Registered in 0.001494 seconds.
Begin MonoManager ReloadAssembly
Native extension for WindowsStandalone target not found
Native extension for WebGL target not found
Refreshing native plugins compatible for Editor in 0.51 ms, found 0 plugins.
Preloading 0 native plugins for Editor in 0.00 ms.
Mono: successfully reloaded assembly
- Completed reload, in  1.764 seconds
Platform modules already initialized, skipping
Refreshing native plugins compatible for Editor in 0.37 ms, found 0 plugins.
Preloading 0 native plugins for Editor in 0.00 ms.
Unloading 1123 Unused Serialized files (Serialized files now loaded: 0)
System memory in use before: 60.7 MB.
System memory in use after: 60.8 MB.

Unloading 5 unused Assets to reduce memory usage. Loaded Objects now: 1728.
Total: 2.719200 ms (FindLiveObjects: 0.219800 ms CreateObjectMapping: 0.064900 ms MarkObjects: 2.329100 ms  DeleteObjects: 0.102800 ms)

========================================================================
Received Prepare
Registering precompiled user dll's ...
Registered in 0.002536 seconds.
Begin MonoManager ReloadAssembly
Native extension for WindowsStandalone target not found
Native extension for WebGL target not found
Refreshing native plugins compatible for Editor in 0.25 ms, found 0 plugins.
Preloading 0 native plugins for Editor in 0.00 ms.
Mono: successfully reloaded assembly
- Completed reload, in  2.026 seconds
Platform modules already initialized, skipping
Refreshing native plugins compatible for Editor in 0.39 ms, found 0 plugins.
Preloading 0 native plugins for Editor in 0.00 ms.
Unloading 1123 Unused Serialized files (Serialized files now loaded: 0)
System memory in use before: 60.7 MB.
System memory in use after: 60.8 MB.

Unloading 5 unused Assets to reduce memory usage. Loaded Objects now: 1731.
Total: 3.314900 ms (FindLiveObjects: 0.419500 ms CreateObjectMapping: 0.197100 ms MarkObjects: 2.563500 ms  DeleteObjects: 0.132200 ms)

========================================================================
Received Prepare
Registering precompiled user dll's ...
Registered in 0.001042 seconds.
Begin MonoManager ReloadAssembly
Native extension for WindowsStandalone target not found
Native extension for WebGL target not found
Refreshing native plugins compatible for Editor in 0.43 ms, found 0 plugins.
Preloading 0 native plugins for Editor in 0.00 ms.
Mono: successfully reloaded assembly
- Completed reload, in  1.324 seconds
Platform modules already initialized, skipping
Refreshing native plugins compatible for Editor in 0.21 ms, found 0 plugins.
Preloading 0 native plugins for Editor in 0.00 ms.
Unloading 1123 Unused Serialized files (Serialized files now loaded: 0)
System memory in use before: 60.7 MB.
System memory in use after: 60.8 MB.

Unloading 5 unused Assets to reduce memory usage. Loaded Objects now: 1734.
Total: 2.091300 ms (FindLiveObjects: 0.201600 ms CreateObjectMapping: 0.067400 ms MarkObjects: 1.755700 ms  DeleteObjects: 0.065100 ms)

========================================================================
Received Prepare
Registering precompiled user dll's ...
Registered in 0.001421 seconds.
Begin MonoManager ReloadAssembly
Native extension for WindowsStandalone target not found
Native extension for WebGL target not found
Refreshing native plugins compatible for Editor in 0.67 ms, found 0 plugins.
Preloading 0 native plugins for Editor in 0.00 ms.
Mono: successfully reloaded assembly
- Completed reload, in  1.878 seconds
Platform modules already initialized, skipping
Refreshing native plugins compatible for Editor in 0.22 ms, found 0 plugins.
Preloading 0 native plugins for Editor in 0.00 ms.
Unloading 1123 Unused Serialized files (Serialized files now loaded: 0)
System memory in use before: 60.7 MB.
System memory in use after: 60.8 MB.

Unloading 5 unused Assets to reduce memory usage. Loaded Objects now: 1737.
Total: 6.030300 ms (FindLiveObjects: 1.039300 ms CreateObjectMapping: 0.279000 ms MarkObjects: 4.618200 ms  DeleteObjects: 0.091400 ms)

AssetImportWorkerClient::OnTransportError - code=2 error=End of file
